
/home/runner/work/exp-linear-transformation-matrices-dei/exp-linear-transformation-matrices-dei/experiment/simulation/js/js1.js
  1:10  warning  'b1' is defined but never used    no-unused-vars
  4:10  warning  'b2' is defined but never used    no-unused-vars
  7:10  warning  'e1e2' is defined but never used  no-unused-vars

/home/runner/work/exp-linear-transformation-matrices-dei/exp-linear-transformation-matrices-dei/experiment/simulation/js/js2.js
   1:14  warning  'showbasis' is defined but never used  no-unused-vars
  68:9   warning  'MathJax' is not defined               no-undef
  68:39  warning  'MathJax' is not defined               no-undef

/home/runner/work/exp-linear-transformation-matrices-dei/exp-linear-transformation-matrices-dei/experiment/simulation/js/js3.js
    1:14  warning  'sbmtmatrix' is defined but never used       no-unused-vars
   24:9   warning  'MathJax' is not defined                     no-undef
   24:39  warning  'MathJax' is not defined                     no-undef
   27:14  warning  'sbmtb1' is defined but never used           no-unused-vars
   63:14  warning  'sbmtb2' is defined but never used           no-unused-vars
  102:14  warning  'ltdetails' is defined but never used        no-unused-vars
  108:13  warning  'f11val' is assigned a value but never used  no-unused-vars
  109:13  warning  'f12val' is assigned a value but never used  no-unused-vars
  110:13  warning  'f21val' is assigned a value but never used  no-unused-vars
  111:13  warning  'f22val' is assigned a value but never used  no-unused-vars
  178:14  warning  'explain' is defined but never used          no-unused-vars
  206:13  warning  'tf1val1' is already defined                 no-redeclare
  207:13  warning  'tf1val2' is already defined                 no-redeclare
  208:13  warning  'tf2val1' is already defined                 no-redeclare
  209:13  warning  'tf2val2' is already defined                 no-redeclare

✖ 21 problems (0 errors, 21 warnings)

